#
# There is insufficient memory for the Java Runtime Environment to continue.
# Native memory allocation (malloc) failed to allocate 1048576 bytes for AllocateHeap
# Possible reasons:
#   The system is out of physical RAM or swap space
#   In 32 bit mode, the process size limit was hit
# Possible solutions:
#   Reduce memory load on the system
#   Increase physical memory or swap space
#   Check if swap backing store is full
#   Use 64 bit Java on a 64 bit OS
#   Decrease Java heap size (-Xmx/-Xms)
#   Decrease number of Java threads
#   Decrease Java thread stack sizes (-Xss)
#   Set larger code cache with -XX:ReservedCodeCacheSize=
# This output file may be truncated or incomplete.
#
#  Out of Memory Error (memory/allocation.inline.hpp:61), pid=33340, tid=0x00000000000062d0
#
# JRE version:  (8.0_162-b12) (build )
# Java VM: Java HotSpot(TM) 64-Bit Server VM (25.162-b12 mixed mode windows-amd64 compressed oops)
# Failed to write core dump. Minidumps are not enabled by default on client versions of Windows
#

---------------  T H R E A D  ---------------

Current thread (0x0000000002ea9000):  JavaThread "Unknown thread" [_thread_in_vm, id=25296, stack(0x0000000002da0000,0x0000000002ea0000)]

Stack: [0x0000000002da0000,0x0000000002ea0000]
[error occurred during error reporting (printing stack bounds), id 0xc0000005]

Native frames: (J=compiled Java code, j=interpreted, Vv=VM code, C=native code)


---------------  P R O C E S S  ---------------

Java Threads: ( => current thread )

Other Threads:

=>0x0000000002ea9000 (exited) JavaThread "Unknown thread" [_thread_in_vm, id=25296, stack(0x0000000002da0000,0x0000000002ea0000)]

VM state:not at safepoint (normal execution)

VM Mutex/Monitor currently owned by a thread: None

Heap:
 PSYoungGen      total 38400K, used 665K [0x00000000d5c00000, 0x00000000d8680000, 0x0000000100000000)
  eden space 33280K, 2% used [0x00000000d5c00000,0x00000000d5ca6670,0x00000000d7c80000)
  from space 5120K, 0% used [0x00000000d8180000,0x00000000d8180000,0x00000000d8680000)
  to   space 5120K, 0% used [0x00000000d7c80000,0x00000000d7c80000,0x00000000d8180000)
 ParOldGen       total 87552K, used 0K [0x0000000081400000, 0x0000000086980000, 0x00000000d5c00000)
  object space 87552K, 0% used [0x0000000081400000,0x0000000081400000,0x0000000086980000)
 Metaspace       used 770K, capacity 4480K, committed 4480K, reserved 1056768K
  class space    used 75K, capacity 384K, committed 384K, reserved 1048576K

Card table byte_map: [0x0000000012540000,0x0000000012940000] byte_map_base: 0x0000000012136000

Marking Bits: (ParMarkBitMap*) 0x000000006d560860
 Begin Bits: [0x00000000133f0000, 0x00000000153a0000)
 End Bits:   [0x00000000153a0000, 0x0000000017350000)

Polling page: 0x0000000000c10000

CodeCache: size=245760Kb used=328Kb max_used=328Kb free=245431Kb
 bounds [0x0000000003180000, 0x00000000033f0000, 0x0000000012180000]
 total_blobs=58 nmethods=0 adapters=38
 compilation: enabled

Compilation events (0 events):
No events

GC Heap History (0 events):
No events

Deoptimization events (0 events):
No events

Classes redefined (0 events):
No events

Internal exceptions (0 events):
No events

Events (10 events):
Event: 0.029 loading class java/lang/Short
Event: 0.029 loading class java/lang/Short done
Event: 0.029 loading class java/lang/Integer
Event: 0.029 loading class java/lang/Integer done
Event: 0.029 loading class java/lang/Long
Event: 0.029 loading class java/lang/Long done
Event: 0.030 loading class java/lang/NullPointerException
Event: 0.030 loading class java/lang/NullPointerException done
Event: 0.030 loading class java/lang/ArithmeticException
Event: 0.030 loading class java/lang/ArithmeticException done


Dynamic libraries:
0x00007ff69ab60000 - 0x00007ff69ab97000 	E:\jdk1.8\bin\java.exe
0x00007ffc35110000 - 0x00007ffc352f1000 	C:\WINDOWS\SYSTEM32\ntdll.dll
0x00007ffc34d00000 - 0x00007ffc34db1000 	C:\WINDOWS\System32\KERNEL32.DLL
0x00007ffc31740000 - 0x00007ffc319b3000 	C:\WINDOWS\System32\KERNELBASE.dll
0x00007ffc32e90000 - 0x00007ffc32f31000 	C:\WINDOWS\System32\ADVAPI32.dll
0x00007ffc32b80000 - 0x00007ffc32c1e000 	C:\WINDOWS\System32\msvcrt.dll
0x00007ffc35080000 - 0x00007ffc350db000 	C:\WINDOWS\System32\sechost.dll
0x00007ffc34f50000 - 0x00007ffc35074000 	C:\WINDOWS\System32\RPCRT4.dll
0x00007ffc326b0000 - 0x00007ffc32840000 	C:\WINDOWS\System32\USER32.dll
0x00007ffc32360000 - 0x00007ffc32380000 	C:\WINDOWS\System32\win32u.dll
0x00007ffc349e0000 - 0x00007ffc34a08000 	C:\WINDOWS\System32\GDI32.dll
0x00007ffc32400000 - 0x00007ffc32591000 	C:\WINDOWS\System32\gdi32full.dll
0x00007ffc31bb0000 - 0x00007ffc31c4f000 	C:\WINDOWS\System32\msvcp_win.dll
0x00007ffc31640000 - 0x00007ffc31738000 	C:\WINDOWS\System32\ucrtbase.dll
0x00007ffc22260000 - 0x00007ffc224c9000 	C:\WINDOWS\WinSxS\amd64_microsoft.windows.common-controls_6595b64144ccf1df_6.0.17134.885_none_fb42a3473065565f\COMCTL32.dll
0x00007ffc32840000 - 0x00007ffc32b62000 	C:\WINDOWS\System32\combase.dll
0x00007ffc32380000 - 0x00007ffc323f9000 	C:\WINDOWS\System32\bcryptPrimitives.dll
0x00007ffc34f20000 - 0x00007ffc34f4d000 	C:\WINDOWS\System32\IMM32.DLL
0x000000006d5e0000 - 0x000000006d6b1000 	E:\jdk1.8\jre\bin\msvcr100.dll
0x000000006cd40000 - 0x000000006d5e0000 	E:\jdk1.8\jre\bin\server\jvm.dll
0x00007ffc34830000 - 0x00007ffc34838000 	C:\WINDOWS\System32\PSAPI.DLL
0x00007ffc2f5a0000 - 0x00007ffc2f5c3000 	C:\WINDOWS\SYSTEM32\WINMM.dll
0x00007ffc29880000 - 0x00007ffc2988a000 	C:\WINDOWS\SYSTEM32\VERSION.dll
0x00007ffc1b720000 - 0x00007ffc1b729000 	C:\WINDOWS\SYSTEM32\WSOCK32.dll
0x00007ffc32dc0000 - 0x00007ffc32e2c000 	C:\WINDOWS\System32\WS2_32.dll
0x00007ffc2f570000 - 0x00007ffc2f59a000 	C:\WINDOWS\SYSTEM32\WINMMBASE.dll
0x00007ffc314e0000 - 0x00007ffc31529000 	C:\WINDOWS\System32\cfgmgr32.dll
0x000000006cd30000 - 0x000000006cd3f000 	E:\jdk1.8\jre\bin\verify.dll
0x000000006cd00000 - 0x000000006cd29000 	E:\jdk1.8\jre\bin\java.dll
0x000000006c990000 - 0x000000006c9b3000 	E:\jdk1.8\jre\bin\instrument.dll
0x000000006cce0000 - 0x000000006ccf6000 	E:\jdk1.8\jre\bin\zip.dll

VM Arguments:
jvm_args: -XX:TieredStopAtLevel=1 -Xverify:none -Dspring.output.ansi.enabled=always -Dcom.sun.management.jmxremote -Dcom.sun.management.jmxremote.port=56051 -Dcom.sun.management.jmxremote.authenticate=false -Dcom.sun.management.jmxremote.ssl=false -Dspring.liveBeansView.mbeanDomain -Dspring.application.admin.enabled=true -javaagent:E:\idea\IntelliJ IDEA 2017.2.6\lib\idea_rt.jar=56052:E:\idea\IntelliJ IDEA 2017.2.6\bin -Dfile.encoding=GBK 
java_command: com.weather.weather_data.WeatherDataApplication
java_class_path (initial): E:\jdk1.8\jre\lib\charsets.jar;E:\jdk1.8\jre\lib\deploy.jar;E:\jdk1.8\jre\lib\ext\access-bridge-64.jar;E:\jdk1.8\jre\lib\ext\cldrdata.jar;E:\jdk1.8\jre\lib\ext\dnsns.jar;E:\jdk1.8\jre\lib\ext\jaccess.jar;E:\jdk1.8\jre\lib\ext\jfxrt.jar;E:\jdk1.8\jre\lib\ext\localedata.jar;E:\jdk1.8\jre\lib\ext\nashorn.jar;E:\jdk1.8\jre\lib\ext\sunec.jar;E:\jdk1.8\jre\lib\ext\sunjce_provider.jar;E:\jdk1.8\jre\lib\ext\sunmscapi.jar;E:\jdk1.8\jre\lib\ext\sunpkcs11.jar;E:\jdk1.8\jre\lib\ext\zipfs.jar;E:\jdk1.8\jre\lib\javaws.jar;E:\jdk1.8\jre\lib\jce.jar;E:\jdk1.8\jre\lib\jfr.jar;E:\jdk1.8\jre\lib\jfxswt.jar;E:\jdk1.8\jre\lib\jsse.jar;E:\jdk1.8\jre\lib\management-agent.jar;E:\jdk1.8\jre\lib\plugin.jar;E:\jdk1.8\jre\lib\resources.jar;E:\jdk1.8\jre\lib\rt.jar;E:\springcloudexample\weather_data\target\classes;E:\maven\maven_repository\org\springframework\boot\spring-boot-starter-web\2.1.6.RELEASE\spring-boot-starter-web-2.1.6.RELEASE.jar;E:\maven\maven_repository\org\springframework\boot\spring-boot-starter\2.1.6.RELEASE\spring-boot-starter-2.1.6.RELEASE.jar;E:\maven\maven_repository\org\springframework\boot\spring-boot\2.1.6.RELEASE\spring-boot-2.1.6.RELEASE.jar;E:\maven\maven_repository\org\springframework\boot\spring-boot-autoconfigure\2.1.6.RELEASE\spring-boot-autoconfigure-2.1.6.RELEASE.jar;E:\maven\maven_repository\org\springframework\boot\spring-boot-starter-logging\2.1.6.RELEASE\spring-boot-starter-logging-2.1.6.RELEASE.jar;E:\maven\maven_repository\ch\qos\logback\logback-classic\1.2.3\logback-classic-1.2.3.jar;E:\maven\maven_repository\ch\qos\logback\logback-core\1.2.3\logback-core-1.2.3.jar;E:\maven\maven_repository\org\apache\logging\log4j\log4j-to-slf4j\2.11.2\log4j-to-slf4j-2.11.2.jar;E:\maven\maven_repository\org\apache\logging\log4j\log4j-api\2.11.2\log4j-api-2.11.2.jar;E:\maven\maven_repository\org\slf4j\jul-to-slf4j\1.7.26\jul-to-slf4j-1.7.26.jar;E:\maven\maven_repository\javax\annotation\javax.annotation-api\1.3.2\javax.annotation-api-1.3.2.ja
Launcher Type: SUN_STANDARD

Environment Variables:
JAVA_HOME=E:\jdk1.8
CLASSPATH=.;E:\jdk1.8\lib;
PATH=D:\oracleApp\root\product\12.0.1\dbhome_1\bin;E:\xshell\;C:\Program Files (x86)\Intel\iCLS Client\;C:\Program Files\Intel\iCLS Client\;C:\Windows\system32;C:\Windows;C:\Windows\System32\Wbem;C:\Windows\System32\WindowsPowerShell\v1.0\;C:\Program Files (x86)\Intel\Intel(R) Management Engine Components\DAL;C:\Program Files\Intel\Intel(R) Management Engine Components\DAL;C:\Program Files (x86)\Intel\Intel(R) Management Engine Components\IPT;C:\Program Files\Intel\Intel(R) Management Engine Components\IPT;C:\Program Files (x86)\NVIDIA Corporation\PhysX\Common;C:\Program Files\Intel\WiFi\bin\;C:\Program Files\Common Files\Intel\WirelessCommon\;E:\MySQL Server 5.0\mysql-5.6.38-winx64\bin;C:\WINDOWS\system32;C:\WINDOWS;C:\WINDOWS\System32\Wbem;C:\WINDOWS\System32\WindowsPowerShell\v1.0\;E:\git\Git\cmd;C:\WINDOWS\System32\OpenSSH\;E:\maven\apache-maven-3.5.2\bin;C:\Users\Shinelon\AppData\Local\Microsoft\WindowsApps;E:\git\Git\usr\bin;E:\jdk1.8\bin;E:\scala-2.11.8\bin;
USERNAME=Shinelon
OS=Windows_NT
PROCESSOR_IDENTIFIER=Intel64 Family 6 Model 94 Stepping 3, GenuineIntel



---------------  S Y S T E M  ---------------

OS: Windows 10.0 , 64 bit Build 17134 (10.0.17134.753)

CPU:total 8 (initial active 8) (4 cores per cpu, 2 threads per core) family 6 model 94 stepping 3, cmov, cx8, fxsr, mmx, sse, sse2, sse3, ssse3, sse4.1, sse4.2, popcnt, avx, avx2, aes, clmul, erms, rtm, 3dnowpref, lzcnt, ht, tsc, tscinvbit, bmi1, bmi2, adx

Memory: 4k page, physical 8304060k(1502800k free), swap 17760288k(5316k free)

vm_info: Java HotSpot(TM) 64-Bit Server VM (25.162-b12) for windows-amd64 JRE (1.8.0_162-b12), built on Dec 19 2017 20:00:03 by "java_re" with MS VC++ 10.0 (VS2010)

time: Tue Jul 23 22:08:01 2019
elapsed time: 0 seconds (0d 0h 0m 0s)

